Started GET "/" for 127.0.0.1 at 2018-10-29 12:08:42 +0300
Processing by Rails::WelcomeController#index as HTML
  Rendering /Users/MrBlazOn/.rvm/gems/ruby-2.5.3/gems/railties-5.2.1/lib/rails/templates/rails/welcome/index.html.erb
  Rendered /Users/MrBlazOn/.rvm/gems/ruby-2.5.3/gems/railties-5.2.1/lib/rails/templates/rails/welcome/index.html.erb (6.3ms)
Completed 200 OK in 35ms (Views: 22.4ms | ActiveRecord: 0.0ms)


Started GET "/" for 127.0.0.1 at 2018-10-29 13:23:28 +0300
Processing by SearchController#index as HTML
  Rendering search/index.html.erb within layouts/application
  Rendered search/index.html.erb within layouts/application (1.5ms)
Completed 200 OK in 1000ms (Views: 990.5ms | ActiveRecord: 0.0ms)


Started GET "/" for 127.0.0.1 at 2018-10-29 13:38:00 +0300
Processing by SearchController#index as HTML
  Rendering search/index.html.erb within layouts/application
  Rendered search/index.html.erb within layouts/application (482.0ms)
Completed 500 Internal Server Error in 501ms (ActiveRecord: 0.0ms)


  
ActionView::Template::Error (undefined local variable or method `find_all_reviews' for #<#<Class:0x00007fa80a579b08>:0x00007fa80a5781b8>):
    1: <p>Hello</p>
    2: <%= find_all_reviews %>
  
app/views/search/index.html.erb:2:in `_app_views_search_index_html_erb___4343766215313193718_70179852374400'
Started GET "/" for 127.0.0.1 at 2018-10-29 13:42:22 +0300
Processing by SearchController#index as HTML
  Rendering search/index.html.erb within layouts/application
  Rendered search/index.html.erb within layouts/application (496.3ms)
Completed 500 Internal Server Error in 513ms (ActiveRecord: 0.0ms)


  
ActionView::Template::Error (undefined local variable or method `find_all_reviews' for #<#<Class:0x00007fa80574d0b0>:0x00007fa80495ec38>):
    1: <p>Hello</p>
    2: <%= find_all_reviews %>
  
app/views/search/index.html.erb:2:in `_app_views_search_index_html_erb___4343766215313193718_70179811391880'
Started GET "/" for 127.0.0.1 at 2018-10-29 13:48:58 +0300
Processing by SearchController#index as HTML
  Rendering search/index.html.erb within layouts/application
  Rendered search/index.html.erb within layouts/application (0.9ms)
Completed 200 OK in 70ms (Views: 63.8ms | ActiveRecord: 0.0ms)


Started GET "/" for 127.0.0.1 at 2018-10-29 13:49:15 +0300
Processing by SearchController#index as HTML
  Rendering search/index.html.erb within layouts/application
  Rendered search/index.html.erb within layouts/application (0.4ms)
Completed 200 OK in 39ms (Views: 35.0ms | ActiveRecord: 0.0ms)


Started GET "/" for 127.0.0.1 at 2018-10-29 13:49:16 +0300
Processing by SearchController#index as HTML
  Rendering search/index.html.erb within layouts/application
  Rendered search/index.html.erb within layouts/application (0.5ms)
Completed 200 OK in 46ms (Views: 43.0ms | ActiveRecord: 0.0ms)


Started GET "/" for 127.0.0.1 at 2018-10-29 13:50:27 +0300
Processing by SearchController#index as HTML
  Rendering search/index.html.erb within layouts/application
  Rendered search/index.html.erb within layouts/application (418.5ms)
Completed 500 Internal Server Error in 441ms (ActiveRecord: 0.0ms)


  
ActionView::Template::Error (undefined local variable or method `find_all_reviews' for #<#<Class:0x00007fa806790238>:0x00007fa8067884c0>):
    1: <p>Hello</p>
    2: <%= find_all_reviews %>
  
app/views/search/index.html.erb:2:in `_app_views_search_index_html_erb___4343766215313193718_70179819916020'
Started GET "/" for 127.0.0.1 at 2018-10-29 13:50:45 +0300
Processing by SearchController#index as HTML
  Rendering search/index.html.erb within layouts/application
  Rendered search/index.html.erb within layouts/application (13.7ms)
Completed 500 Internal Server Error in 31ms (ActiveRecord: 0.0ms)


  
ActionView::Template::Error (undefined method `find_all_reviews' for #<SearchController:0x00007fa80a3082c0>):
    1: <p>Hello</p>
    2: <%= SearchController.new.find_all_reviews %>
  
app/views/search/index.html.erb:2:in `_app_views_search_index_html_erb___4343766215313193718_70179805459240'
Started GET "/" for 127.0.0.1 at 2018-10-29 13:51:08 +0300
Processing by SearchController#index as HTML
  Rendering search/index.html.erb within layouts/application
  Rendered search/index.html.erb within layouts/application (4.1ms)
Completed 500 Internal Server Error in 18ms (ActiveRecord: 0.0ms)


  
ActionView::Template::Error (undefined method `[]' for nil:NilClass):
    1: <p>Hello</p>
    2: <%= SearchController.new.find_all_reviews %>
  
app/controllers/search_controller.rb:7:in `find_all_reviews'
app/views/search/index.html.erb:2:in `_app_views_search_index_html_erb___4343766215313193718_70179858864440'
Started GET "/" for 127.0.0.1 at 2018-10-29 13:52:07 +0300
Processing by SearchController#index as HTML
  Rendering search/index.html.erb within layouts/application
  Rendered search/index.html.erb within layouts/application (1377.1ms)
Completed 500 Internal Server Error in 1394ms (ActiveRecord: 0.0ms)


  
ActionView::Template::Error (undefined method `text' for nil:NilClass):
    1: <p>Hello</p>
    2: <%= SearchController.new.find_all_reviews %>
  
app/controllers/search_controller.rb:22:in `block in find_all_reviews'
app/controllers/search_controller.rb:19:in `map'
app/controllers/search_controller.rb:19:in `find_all_reviews'
app/views/search/index.html.erb:2:in `_app_views_search_index_html_erb___4343766215313193718_70179804101280'
Started GET "/" for 127.0.0.1 at 2018-10-29 13:53:49 +0300
Processing by SearchController#index as HTML
  Rendering search/index.html.erb within layouts/application
  Rendered search/index.html.erb within layouts/application (1307.7ms)
Completed 500 Internal Server Error in 1331ms (ActiveRecord: 0.0ms)


  
ActionView::Template::Error (undefined method `text' for nil:NilClass):
    1: <p>Hello</p>
    2: <%= SearchController.new.find_all_reviews %>
  
app/controllers/search_controller.rb:23:in `block in find_all_reviews'
app/controllers/search_controller.rb:19:in `map'
app/controllers/search_controller.rb:19:in `find_all_reviews'
app/views/search/index.html.erb:2:in `_app_views_search_index_html_erb___4343766215313193718_70179817972200'
Started GET "/" for 127.0.0.1 at 2018-10-29 13:53:56 +0300
Processing by SearchController#index as HTML
  Rendering search/index.html.erb within layouts/application
  Rendered search/index.html.erb within layouts/application (1198.9ms)
Completed 500 Internal Server Error in 1213ms (ActiveRecord: 0.0ms)


  
ActionView::Template::Error (undefined method `text' for nil:NilClass):
    1: <p>Hello</p>
    2: <%= SearchController.new.find_all_reviews %>
  
app/controllers/search_controller.rb:24:in `block in find_all_reviews'
app/controllers/search_controller.rb:19:in `map'
app/controllers/search_controller.rb:19:in `find_all_reviews'
app/views/search/index.html.erb:2:in `_app_views_search_index_html_erb___4343766215313193718_70179818157040'
Started GET "/" for 127.0.0.1 at 2018-10-29 13:55:20 +0300
Processing by SearchController#index as HTML
  Rendering search/index.html.erb within layouts/application
  Rendered search/index.html.erb within layouts/application (859.3ms)
Completed 200 OK in 917ms (Views: 911.3ms | ActiveRecord: 0.0ms)


Started GET "/" for 127.0.0.1 at 2018-10-29 13:55:39 +0300
Processing by SearchController#index as HTML
  Rendering search/index.html.erb within layouts/application
  Rendered search/index.html.erb within layouts/application (866.6ms)
Completed 500 Internal Server Error in 900ms (ActiveRecord: 0.0ms)


  
ActionView::Template::Error (undefined method `text' for #<Mechanize::Page:0x00007fa80a454ea8>):
    1: <p>Hello</p>
    2: <%= SearchController.new.find_all_reviews %>
  
app/controllers/search_controller.rb:8:in `find_all_reviews'
app/views/search/index.html.erb:2:in `_app_views_search_index_html_erb___4343766215313193718_70179851953940'
Started GET "/" for 127.0.0.1 at 2018-10-29 13:56:21 +0300
  
ActionController::RoutingError (undefined method `reject' for nil:NilClass):
  
app/controllers/search_controller.rb:11:in `<class:SearchController>'
app/controllers/search_controller.rb:5:in `<main>'
Started GET "/" for 127.0.0.1 at 2018-10-29 13:56:52 +0300
Processing by SearchController#index as HTML
  Rendering search/index.html.erb within layouts/application
  Rendered search/index.html.erb within layouts/application (903.2ms)
Completed 500 Internal Server Error in 916ms (ActiveRecord: 0.0ms)


  
ActionView::Template::Error (undefined method `text' for #<Mechanize::Page:0x00007fa808db6750>):
    1: <p>Hello</p>
    2: <%= SearchController.new.find_all_reviews %>
  
app/controllers/search_controller.rb:8:in `find_all_reviews'
app/views/search/index.html.erb:2:in `_app_views_search_index_html_erb___4343766215313193718_70179819982240'
Started GET "/" for 127.0.0.1 at 2018-10-29 13:57:01 +0300
Processing by SearchController#index as HTML
  Rendering search/index.html.erb within layouts/application
  Rendered search/index.html.erb within layouts/application (1366.0ms)
Completed 500 Internal Server Error in 1380ms (ActiveRecord: 0.0ms)


  
ActionView::Template::Error (undefined method `reject' for nil:NilClass):
    1: <p>Hello</p>
    2: <%= SearchController.new.find_all_reviews %>
  
app/controllers/search_controller.rb:10:in `find_all_reviews'
app/views/search/index.html.erb:2:in `_app_views_search_index_html_erb___4343766215313193718_70179857911480'
Started GET "/" for 127.0.0.1 at 2018-10-29 13:58:02 +0300
Processing by SearchController#index as HTML
  Rendering search/index.html.erb within layouts/application
  Rendered search/index.html.erb within layouts/application (859.9ms)
Completed 500 Internal Server Error in 874ms (ActiveRecord: 0.0ms)


  
ActionView::Template::Error (undefined method `review_links' for #<SearchController:0x00007fa804bde350>):
    1: <p>Hello</p>
    2: <%= SearchController.new.find_all_reviews %>
  
app/controllers/search_controller.rb:10:in `find_all_reviews'
app/views/search/index.html.erb:2:in `_app_views_search_index_html_erb___4343766215313193718_70179851048240'
Started GET "/" for 127.0.0.1 at 2018-10-29 13:59:55 +0300
Processing by SearchController#index as HTML
  Rendering search/index.html.erb within layouts/application
  Rendered search/index.html.erb within layouts/application (878.8ms)
Completed 500 Internal Server Error in 892ms (ActiveRecord: 0.0ms)


  
ActionView::Template::Error (undefined method `reject' for nil:NilClass):
    1: <p>Hello</p>
    2: <%= SearchController.new.find_all_reviews %>
  
app/controllers/search_controller.rb:11:in `find_all_reviews'
app/views/search/index.html.erb:2:in `_app_views_search_index_html_erb___4343766215313193718_70179840942140'
Started GET "/" for 127.0.0.1 at 2018-10-29 14:01:26 +0300
Processing by SearchController#index as HTML
  Rendering search/index.html.erb within layouts/application
  Rendered search/index.html.erb within layouts/application (305.9ms)
Completed 200 OK in 374ms (Views: 368.2ms | ActiveRecord: 0.0ms)


Started GET "/" for 127.0.0.1 at 2018-10-29 14:05:59 +0300
  
SyntaxError (/Users/MrBlazOn/Desktop/git/ChipSearch/app/controllers/search_controller.rb:12: syntax error, unexpected keyword_end, expecting end-of-input):
  
app/controllers/search_controller.rb:12: syntax error, unexpected keyword_end, expecting end-of-input
Started GET "/" for 127.0.0.1 at 2018-10-29 14:06:14 +0300
Processing by SearchController#index as HTML
  Rendering search/index.html.erb within layouts/application
  Rendered search/index.html.erb within layouts/application (889.9ms)
Completed 200 OK in 940ms (Views: 936.1ms | ActiveRecord: 0.0ms)


Started GET "/" for 127.0.0.1 at 2018-10-29 14:08:39 +0300
Processing by SearchController#index as HTML
  Rendering search/index.html.erb within layouts/application
  Rendered search/index.html.erb within layouts/application (713.1ms)
Completed 200 OK in 761ms (Views: 744.2ms | ActiveRecord: 0.0ms)


Started GET "/" for 127.0.0.1 at 2018-10-29 14:08:58 +0300
Processing by SearchController#index as HTML
  Rendering search/index.html.erb within layouts/application
  Rendered search/index.html.erb within layouts/application (514.0ms)
Completed 200 OK in 589ms (Views: 582.9ms | ActiveRecord: 0.0ms)


Started GET "/" for 127.0.0.1 at 2018-10-29 14:13:11 +0300
Processing by SearchController#index as HTML
  Rendering search/index.html.erb within layouts/application
  Rendered search/index.html.erb within layouts/application (199.9ms)
Completed 500 Internal Server Error in 220ms (ActiveRecord: 0.0ms)


  
ActionView::Template::Error (undefined local variable or method `chipdip_form' for #<SearchController:0x00007fa80a44bb78>):
    1: <p>Hello</p>
    2: <%= SearchController.new.find_all_reviews %>
  
app/controllers/search_controller.rb:11:in `find_all_reviews'
app/views/search/index.html.erb:2:in `_app_views_search_index_html_erb___4343766215313193718_70179851769840'
Started GET "/" for 127.0.0.1 at 2018-10-29 14:13:24 +0300
Processing by SearchController#index as HTML
  Rendering search/index.html.erb within layouts/application
  Rendered search/index.html.erb within layouts/application (92.5ms)
Completed 500 Internal Server Error in 112ms (ActiveRecord: 0.0ms)


  
ActionView::Template::Error (undefined method `q=' for nil:NilClass):
    1: <p>Hello</p>
    2: <%= SearchController.new.find_all_reviews %>
  
app/controllers/search_controller.rb:11:in `find_all_reviews'
app/views/search/index.html.erb:2:in `_app_views_search_index_html_erb___4343766215313193718_70179860083820'
Started GET "/" for 127.0.0.1 at 2018-10-29 14:14:35 +0300
Processing by SearchController#index as HTML
  Rendering search/index.html.erb within layouts/application
  Rendered search/index.html.erb within layouts/application (140.0ms)
Completed 500 Internal Server Error in 154ms (ActiveRecord: 0.0ms)


  
ActionView::Template::Error (undefined method `q=' for nil:NilClass):
    1: <p>Hello</p>
    2: <%= SearchController.new.find_all_reviews %>
  
app/controllers/search_controller.rb:11:in `find_all_reviews'
app/views/search/index.html.erb:2:in `_app_views_search_index_html_erb___4343766215313193718_70179807125200'
Started GET "/" for 127.0.0.1 at 2018-10-29 14:15:12 +0300
Processing by SearchController#index as HTML
  Rendering search/index.html.erb within layouts/application
  Rendered search/index.html.erb within layouts/application (126.5ms)
Completed 500 Internal Server Error in 140ms (ActiveRecord: 0.0ms)


  
ActionView::Template::Error (undefined method `q=' for nil:NilClass):
    1: <p>Hello</p>
    2: <%= SearchController.new.find_all_reviews %>
  
app/controllers/search_controller.rb:11:in `find_all_reviews'
app/views/search/index.html.erb:2:in `_app_views_search_index_html_erb___4343766215313193718_70179815310280'
Started GET "/" for 127.0.0.1 at 2018-10-29 14:16:43 +0300
Processing by SearchController#index as HTML
  Rendering search/index.html.erb within layouts/application
  Rendered search/index.html.erb within layouts/application (119.0ms)
Completed 500 Internal Server Error in 134ms (ActiveRecord: 0.0ms)


  
ActionView::Template::Error (undefined method `q=' for #<Mechanize::Form:0x00007fa805c668a8>):
    1: <p>Hello</p>
    2: <%= SearchController.new.find_all_reviews %>
  
app/controllers/search_controller.rb:11:in `find_all_reviews'
app/views/search/index.html.erb:2:in `_app_views_search_index_html_erb___4343766215313193718_70179840422040'
Started GET "/" for 127.0.0.1 at 2018-10-29 14:17:36 +0300
Processing by SearchController#index as HTML
  Rendering search/index.html.erb within layouts/application
  Rendered search/index.html.erb within layouts/application (95.3ms)
Completed 500 Internal Server Error in 108ms (ActiveRecord: 0.0ms)


  
ActionView::Template::Error (undefined method `q=' for #<Mechanize::Form:0x00007fa80b4b0ae0>):
    1: <p>Hello</p>
    2: <%= SearchController.new.find_all_reviews %>
  
app/controllers/search_controller.rb:11:in `find_all_reviews'
app/views/search/index.html.erb:2:in `_app_views_search_index_html_erb___4343766215313193718_70179870983540'
Started GET "/" for 127.0.0.1 at 2018-10-29 14:18:01 +0300
Processing by SearchController#index as HTML
  Rendering search/index.html.erb within layouts/application
  Rendered search/index.html.erb within layouts/application (298.3ms)
Completed 500 Internal Server Error in 311ms (ActiveRecord: 0.0ms)


  
ActionView::Template::Error (undefined method `q=' for #<Mechanize::Form:0x00007fa80a534b98>):
    1: <p>Hello</p>
    2: <%= SearchController.new.find_all_reviews %>
  
app/controllers/search_controller.rb:11:in `find_all_reviews'
app/views/search/index.html.erb:2:in `_app_views_search_index_html_erb___4343766215313193718_70179852183860'
Started GET "/" for 127.0.0.1 at 2018-10-29 14:18:19 +0300
Processing by SearchController#index as HTML
  Rendering search/index.html.erb within layouts/application
  Rendered search/index.html.erb within layouts/application (95.1ms)
Completed 500 Internal Server Error in 107ms (ActiveRecord: 0.0ms)


  
ActionView::Template::Error (undefined method `q=' for #<Mechanize::Form:0x00007fa80b114940>):
    1: <p>Hello</p>
    2: <%= SearchController.new.find_all_reviews %>
  
app/controllers/search_controller.rb:11:in `find_all_reviews'
app/views/search/index.html.erb:2:in `_app_views_search_index_html_erb___4343766215313193718_70179815855400'
Started GET "/" for 127.0.0.1 at 2018-10-29 14:18:21 +0300
Processing by SearchController#index as HTML
  Rendering search/index.html.erb within layouts/application
  Rendered search/index.html.erb within layouts/application (87.5ms)
Completed 500 Internal Server Error in 100ms (ActiveRecord: 0.0ms)


  
ActionView::Template::Error (undefined method `q=' for #<Mechanize::Form:0x00007fa804d717d0>):
    1: <p>Hello</p>
    2: <%= SearchController.new.find_all_reviews %>
  
app/controllers/search_controller.rb:11:in `find_all_reviews'
app/views/search/index.html.erb:2:in `_app_views_search_index_html_erb___4343766215313193718_70179859927260'
Started GET "/" for 127.0.0.1 at 2018-10-29 14:27:34 +0300
Processing by SearchController#index as HTML
  Rendering search/index.html.erb within layouts/application
  Rendered search/index.html.erb within layouts/application (217.2ms)
Completed 500 Internal Server Error in 244ms (ActiveRecord: 0.0ms)


  
ActionView::Template::Error (undefined method `q=' for #<Mechanize::Form:0x00007fa80672a938>):
    1: <p>Hello</p>
    2: <%= SearchController.new.find_all_reviews %>
  
app/controllers/search_controller.rb:11:in `find_all_reviews'
app/views/search/index.html.erb:2:in `_app_views_search_index_html_erb___4343766215313193718_70179820081080'
Started GET "/" for 127.0.0.1 at 2018-10-29 14:29:31 +0300
Processing by SearchController#index as HTML
  Rendering search/index.html.erb within layouts/application
  Rendered search/index.html.erb within layouts/application (98.4ms)
Completed 500 Internal Server Error in 111ms (ActiveRecord: 0.0ms)


  
ActionView::Template::Error (undefined method `search_text=' for #<Mechanize::Form:0x00007fa80c803d90>):
    1: <p>Hello</p>
    2: <%= SearchController.new.find_all_reviews %>
  
app/controllers/search_controller.rb:12:in `block in find_all_reviews'
(eval):37:in `form_with'
app/controllers/search_controller.rb:11:in `find_all_reviews'
app/views/search/index.html.erb:2:in `_app_views_search_index_html_erb___4343766215313193718_70179859697780'
Started GET "/" for 127.0.0.1 at 2018-10-29 14:30:53 +0300
Processing by SearchController#index as HTML
  Rendering search/index.html.erb within layouts/application
  Rendered search/index.html.erb within layouts/application (318.8ms)
Completed 500 Internal Server Error in 336ms (ActiveRecord: 0.0ms)


  
ActionView::Template::Error (404 => Net::HTTPNotFound for https://www.ru-chipdip.by/search?searchtext=i7 -- unhandled response):
    1: <p>Hello</p>
    2: <%= SearchController.new.find_all_reviews %>
  
app/controllers/search_controller.rb:12:in `find_all_reviews'
app/views/search/index.html.erb:2:in `_app_views_search_index_html_erb___4343766215313193718_70179858127660'
Started GET "/" for 127.0.0.1 at 2018-10-29 14:32:15 +0300
Processing by SearchController#index as HTML
  Rendering search/index.html.erb within layouts/application
  Rendered search/index.html.erb within layouts/application (208.1ms)
Completed 500 Internal Server Error in 222ms (ActiveRecord: 0.0ms)


  
ActionView::Template::Error (404 => Net::HTTPNotFound for https://www.ru-chipdip.by/search?searchtext=i7 -- unhandled response):
    1: <p>Hello</p>
    2: <%= SearchController.new.find_all_reviews %>
  
app/controllers/search_controller.rb:12:in `find_all_reviews'
app/views/search/index.html.erb:2:in `_app_views_search_index_html_erb___4343766215313193718_70179870934600'
Started GET "/" for 127.0.0.1 at 2018-10-29 14:32:32 +0300
Processing by SearchController#index as HTML
  Rendering search/index.html.erb within layouts/application
  Rendered search/index.html.erb within layouts/application (92.6ms)
Completed 500 Internal Server Error in 106ms (ActiveRecord: 0.0ms)


  
ActionView::Template::Error (undefined method `submit' for [[button:0x3fd40262b428 type: submit name:  value: ]]:Array):
    1: <p>Hello</p>
    2: <%= SearchController.new.find_all_reviews %>
  
app/controllers/search_controller.rb:12:in `find_all_reviews'
app/views/search/index.html.erb:2:in `_app_views_search_index_html_erb___4343766215313193718_70179814587840'
Started GET "/" for 127.0.0.1 at 2018-10-29 14:32:38 +0300
Processing by SearchController#index as HTML
  Rendering search/index.html.erb within layouts/application
  Rendered search/index.html.erb within layouts/application (83.5ms)
Completed 500 Internal Server Error in 97ms (ActiveRecord: 0.0ms)


  
ActionView::Template::Error (undefined method `submit' for [[button:0x3fd402769448 type: submit name:  value: ]]:Array):
    1: <p>Hello</p>
    2: <%= SearchController.new.find_all_reviews %>
  
app/controllers/search_controller.rb:12:in `find_all_reviews'
app/views/search/index.html.erb:2:in `_app_views_search_index_html_erb___4343766215313193718_70179807037660'
Started GET "/" for 127.0.0.1 at 2018-10-29 14:32:42 +0300
Processing by SearchController#index as HTML
  Rendering search/index.html.erb within layouts/application
  Rendered search/index.html.erb within layouts/application (134.2ms)
Completed 500 Internal Server Error in 147ms (ActiveRecord: 0.0ms)


  
ActionView::Template::Error (404 => Net::HTTPNotFound for https://www.ru-chipdip.by/search?searchtext=i7 -- unhandled response):
    1: <p>Hello</p>
    2: <%= SearchController.new.find_all_reviews %>
  
app/controllers/search_controller.rb:12:in `find_all_reviews'
app/views/search/index.html.erb:2:in `_app_views_search_index_html_erb___4343766215313193718_70179814916280'
Started GET "/" for 127.0.0.1 at 2018-10-29 14:39:39 +0300
Processing by SearchController#index as HTML
  Rendering search/index.html.erb within layouts/application
  Rendered search/index.html.erb within layouts/application (252.3ms)
Completed 500 Internal Server Error in 272ms (ActiveRecord: 0.0ms)


  
ActionView::Template::Error (404 => Net::HTTPNotFound for https://www.ru-chipdip.by/search?searchtext=i7 -- unhandled response):
    1: <p>Hello</p>
    2: <%= SearchController.new.find_all_reviews %>
  
app/controllers/search_controller.rb:12:in `find_all_reviews'
app/views/search/index.html.erb:2:in `_app_views_search_index_html_erb___4343766215313193718_70179815906920'
Started GET "/" for 127.0.0.1 at 2018-10-29 14:39:56 +0300
Processing by SearchController#index as HTML
  Rendering search/index.html.erb within layouts/application
  Rendered search/index.html.erb within layouts/application (131.9ms)
Completed 500 Internal Server Error in 144ms (ActiveRecord: 0.0ms)


  
ActionView::Template::Error (404 => Net::HTTPNotFound for https://www.ru-chipdip.by/search?searchtext=i7 -- unhandled response):
    1: <p>Hello</p>
    2: <%= SearchController.new.find_all_reviews %>
  
app/controllers/search_controller.rb:12:in `find_all_reviews'
app/views/search/index.html.erb:2:in `_app_views_search_index_html_erb___4343766215313193718_70179814924660'
Started GET "/" for 127.0.0.1 at 2018-10-29 14:47:18 +0300
Processing by SearchController#index as HTML
  Rendering search/index.html.erb within layouts/application
  Rendered search/index.html.erb within layouts/application (405.8ms)
Completed 500 Internal Server Error in 432ms (ActiveRecord: 0.0ms)


  
ActionView::Template::Error (404 => Net::HTTPNotFound for https://www.ru-chipdip.by/search?searchtext=i7 -- unhandled response):
    1: <p>Hello</p>
    2: <%= SearchController.new.find_all_reviews %>
  
app/controllers/search_controller.rb:12:in `find_all_reviews'
app/views/search/index.html.erb:2:in `_app_views_search_index_html_erb___4343766215313193718_70179860524280'
Started GET "/" for 127.0.0.1 at 2018-10-29 14:47:39 +0300
Processing by SearchController#index as HTML
  Rendering search/index.html.erb within layouts/application
  Rendered search/index.html.erb within layouts/application (103.6ms)
Completed 500 Internal Server Error in 119ms (ActiveRecord: 0.0ms)


  
ActionView::Template::Error (undefined method `click' for nil:NilClass):
    1: <p>Hello</p>
    2: <%= SearchController.new.find_all_reviews %>
  
app/controllers/search_controller.rb:12:in `find_all_reviews'
app/views/search/index.html.erb:2:in `_app_views_search_index_html_erb___4343766215313193718_70179852850700'
Started GET "/" for 127.0.0.1 at 2018-10-29 14:47:55 +0300
Processing by SearchController#index as HTML
  Rendering search/index.html.erb within layouts/application
  Rendered search/index.html.erb within layouts/application (106.2ms)
Completed 500 Internal Server Error in 119ms (ActiveRecord: 0.0ms)


  
ActionView::Template::Error (404 => Net::HTTPNotFound for https://www.ru-chipdip.by/search?searchtext=i7 -- unhandled response):
    1: <p>Hello</p>
    2: <%= SearchController.new.find_all_reviews %>
  
app/controllers/search_controller.rb:12:in `find_all_reviews'
app/views/search/index.html.erb:2:in `_app_views_search_index_html_erb___4343766215313193718_70179858496040'
Started GET "/" for 127.0.0.1 at 2018-10-29 14:50:41 +0300
Processing by SearchController#index as HTML
  Rendering search/index.html.erb within layouts/application
  Rendered search/index.html.erb within layouts/application (185.5ms)
Completed 500 Internal Server Error in 207ms (ActiveRecord: 0.0ms)


  
ActionView::Template::Error (404 => Net::HTTPNotFound for https://www.ru-chipdip.by/search?searchtext=i7 -- unhandled response):
    1: <p>Hello</p>
    2: <%= SearchController.new.find_all_reviews %>
  
app/controllers/search_controller.rb:12:in `find_all_reviews'
app/views/search/index.html.erb:2:in `_app_views_search_index_html_erb___4343766215313193718_70179859518300'
Started GET "/" for 127.0.0.1 at 2018-10-29 14:52:54 +0300
  
SyntaxError (/Users/MrBlazOn/Desktop/git/ChipSearch/app/controllers/search_controller.rb:21: syntax error, unexpected keyword_end, expecting end-of-input):
  
app/controllers/search_controller.rb:21: syntax error, unexpected keyword_end, expecting end-of-input
Started GET "/" for 127.0.0.1 at 2018-10-29 14:53:17 +0300
Processing by SearchController#index as HTML
  Rendering search/index.html.erb within layouts/application
  Rendered search/index.html.erb within layouts/application (227.3ms)
Completed 500 Internal Server Error in 241ms (ActiveRecord: 0.0ms)


  
ActionView::Template::Error (404 => Net::HTTPNotFound for https://www.ru-chipdip.by/search?searchtext=i7 -- unhandled response):
    1: <p>Hello</p>
    2: <%= SearchController.new.find_all_reviews %>
  
app/controllers/search_controller.rb:12:in `find_all_reviews'
app/views/search/index.html.erb:2:in `_app_views_search_index_html_erb___4343766215313193718_70179805973280'
Started GET "/" for 127.0.0.1 at 2018-10-29 14:53:39 +0300
  
SyntaxError (/Users/MrBlazOn/Desktop/git/ChipSearch/app/controllers/search_controller.rb:21: syntax error, unexpected end-of-input, expecting keyword_end):
  
app/controllers/search_controller.rb:21: syntax error, unexpected end-of-input, expecting keyword_end
Started GET "/" for 127.0.0.1 at 2018-10-29 14:53:51 +0300
Processing by SearchController#index as HTML
  Rendering search/index.html.erb within layouts/application
  Rendered search/index.html.erb within layouts/application (147.1ms)
Completed 500 Internal Server Error in 161ms (ActiveRecord: 0.0ms)


  
ActionView::Template::Error (404 => Net::HTTPNotFound for https://www.ru-chipdip.by/search?searchtext=i7 -- unhandled response):
    1: <p>Hello</p>
    2: <%= SearchController.new.find_all_reviews %>
  
app/controllers/search_controller.rb:13:in `find_all_reviews'
app/views/search/index.html.erb:2:in `_app_views_search_index_html_erb___4343766215313193718_70179806179900'
Started GET "/" for 127.0.0.1 at 2018-10-29 14:55:10 +0300
  
SyntaxError (/Users/MrBlazOn/Desktop/git/ChipSearch/app/controllers/search_controller.rb:22: syntax error, unexpected keyword_end, expecting end-of-input):
  
app/controllers/search_controller.rb:22: syntax error, unexpected keyword_end, expecting end-of-input
Started GET "/" for 127.0.0.1 at 2018-10-29 14:55:39 +0300
  
ActionController::RoutingError (undefined local variable or method `page' for SearchController:Class):
  
app/controllers/search_controller.rb:18:in `<class:SearchController>'
app/controllers/search_controller.rb:6:in `<main>'
Started GET "/" for 127.0.0.1 at 2018-10-29 14:57:29 +0300
Processing by SearchController#index as HTML
  Rendering search/index.html.erb within layouts/application
  Rendered search/index.html.erb within layouts/application (186.3ms)
Completed 200 OK in 323ms (Views: 314.8ms | ActiveRecord: 0.0ms)


Started GET "/" for 127.0.0.1 at 2018-10-29 15:00:56 +0300
Processing by SearchController#index as HTML
  Rendering search/index.html.erb within layouts/application
  Rendered search/index.html.erb within layouts/application (401.2ms)
Completed 500 Internal Server Error in 431ms (ActiveRecord: 0.0ms)


  
ActionView::Template::Error (undefined method `searchtext=' for #<Mechanize::Form:0x00007fa805f81e70>
Did you mean?  search):
    1: <p>Hello</p>
    2: <%= SearchController.new.find_all_reviews %>
  
app/controllers/search_controller.rb:11:in `find_all_reviews'
app/views/search/index.html.erb:2:in `_app_views_search_index_html_erb___4343766215313193718_70179871357180'
Started GET "/" for 127.0.0.1 at 2018-10-29 15:01:19 +0300
Processing by SearchController#index as HTML
  Rendering search/index.html.erb within layouts/application
  Rendered search/index.html.erb within layouts/application (1936.6ms)
Completed 200 OK in 2001ms (Views: 1996.9ms | ActiveRecord: 0.0ms)


Started GET "/" for 127.0.0.1 at 2018-10-29 15:18:34 +0300
Processing by SearchController#index as HTML
  Rendering search/index.html.erb within layouts/application
  Rendered search/index.html.erb within layouts/application (639.8ms)
Completed 200 OK in 703ms (Views: 697.2ms | ActiveRecord: 0.0ms)


Started GET "/" for 127.0.0.1 at 2018-10-29 15:19:00 +0300
Processing by SearchController#index as HTML
  Rendering search/index.html.erb within layouts/application
  Rendered search/index.html.erb within layouts/application (611.9ms)
Completed 200 OK in 665ms (Views: 662.2ms | ActiveRecord: 0.0ms)


Started GET "/" for 127.0.0.1 at 2018-10-29 15:19:08 +0300
Processing by SearchController#index as HTML
  Rendering search/index.html.erb within layouts/application
  Rendered search/index.html.erb within layouts/application (1256.2ms)
Completed 200 OK in 1311ms (Views: 1307.6ms | ActiveRecord: 0.0ms)


Started GET "/" for 127.0.0.1 at 2018-10-29 15:19:10 +0300
Processing by SearchController#index as HTML
  Rendering search/index.html.erb within layouts/application
  Rendered search/index.html.erb within layouts/application (562.5ms)
Completed 200 OK in 594ms (Views: 588.9ms | ActiveRecord: 0.0ms)


Started GET "/" for 127.0.0.1 at 2018-10-29 15:20:49 +0300
Processing by SearchController#index as HTML
  Rendering search/index.html.erb within layouts/application
  Rendered search/index.html.erb within layouts/application (456.5ms)
Completed 200 OK in 503ms (Views: 496.7ms | ActiveRecord: 0.0ms)


Started GET "/" for 127.0.0.1 at 2018-10-29 15:21:00 +0300
Processing by SearchController#index as HTML
  Rendering search/index.html.erb within layouts/application
  Rendered search/index.html.erb within layouts/application (631.3ms)
Completed 200 OK in 665ms (Views: 661.8ms | ActiveRecord: 0.0ms)


Started GET "/" for 127.0.0.1 at 2018-10-29 15:21:21 +0300
Processing by SearchController#index as HTML
  Rendering search/index.html.erb within layouts/application
  Rendered search/index.html.erb within layouts/application (424.3ms)
Completed 200 OK in 469ms (Views: 465.0ms | ActiveRecord: 0.0ms)


Started GET "/" for 127.0.0.1 at 2018-10-29 15:22:09 +0300
Processing by SearchController#index as HTML
  Rendering search/index.html.erb within layouts/application
  Rendered search/index.html.erb within layouts/application (503.3ms)
Completed 200 OK in 569ms (Views: 565.5ms | ActiveRecord: 0.0ms)


Started GET "/" for 127.0.0.1 at 2018-10-29 15:22:43 +0300
Processing by SearchController#index as HTML
  Rendering search/index.html.erb within layouts/application
  Rendered search/index.html.erb within layouts/application (362.7ms)
Completed 200 OK in 399ms (Views: 395.9ms | ActiveRecord: 0.0ms)


Started GET "/" for 127.0.0.1 at 2018-10-29 15:23:00 +0300
Processing by SearchController#index as HTML
  Rendering search/index.html.erb within layouts/application
  Rendered search/index.html.erb within layouts/application (367.2ms)
Completed 200 OK in 404ms (Views: 400.0ms | ActiveRecord: 0.0ms)


Started GET "/" for 127.0.0.1 at 2018-10-29 15:23:35 +0300
Processing by SearchController#index as HTML
  Rendering search/index.html.erb within layouts/application
  Rendered search/index.html.erb within layouts/application (546.8ms)
Completed 200 OK in 658ms (Views: 654.6ms | ActiveRecord: 0.0ms)


Started GET "/" for 127.0.0.1 at 2018-10-29 15:24:01 +0300
Processing by SearchController#index as HTML
  Rendering search/index.html.erb within layouts/application
  Rendered search/index.html.erb within layouts/application (563.3ms)
Completed 200 OK in 599ms (Views: 595.3ms | ActiveRecord: 0.0ms)


Started GET "/" for 127.0.0.1 at 2018-10-29 15:26:36 +0300
Processing by SearchController#index as HTML
  Rendering search/index.html.erb within layouts/application
  Rendered search/index.html.erb within layouts/application (697.0ms)
Completed 500 Internal Server Error in 720ms (ActiveRecord: 0.0ms)


  
ActionView::Template::Error (undefined method `includes' for #<Mechanize::Page::Link:0x00007fa808d56b20>):
    1: <p>Hello</p>
    2: <%= SearchController.new.find_all_reviews %>
  
app/controllers/search_controller.rb:15:in `block in find_all_reviews'
app/controllers/search_controller.rb:14:in `each'
app/controllers/search_controller.rb:14:in `find_all_reviews'
app/views/search/index.html.erb:2:in `_app_views_search_index_html_erb___4343766215313193718_70179813604080'
Started GET "/" for 127.0.0.1 at 2018-10-29 15:26:58 +0300
Processing by SearchController#index as HTML
  Rendering search/index.html.erb within layouts/application
  Rendered search/index.html.erb within layouts/application (385.7ms)
Completed 500 Internal Server Error in 399ms (ActiveRecord: 0.0ms)


  
ActionView::Template::Error (undefined method `includes' for #<String:0x00007fa80ca761b8>
Did you mean?  include?):
    1: <p>Hello</p>
    2: <%= SearchController.new.find_all_reviews %>
  
app/controllers/search_controller.rb:15:in `block in find_all_reviews'
app/controllers/search_controller.rb:14:in `each'
app/controllers/search_controller.rb:14:in `find_all_reviews'
app/views/search/index.html.erb:2:in `_app_views_search_index_html_erb___4343766215313193718_70179860754620'
Started GET "/" for 127.0.0.1 at 2018-10-29 15:27:08 +0300
Processing by SearchController#index as HTML
  Rendering search/index.html.erb within layouts/application
  Rendered search/index.html.erb within layouts/application (944.4ms)
Completed 500 Internal Server Error in 959ms (ActiveRecord: 0.0ms)


  
ActionView::Template::Error (undefined method `include' for #<String:0x00007fa80a673680>
Did you mean?  include?):
    1: <p>Hello</p>
    2: <%= SearchController.new.find_all_reviews %>
  
app/controllers/search_controller.rb:15:in `block in find_all_reviews'
app/controllers/search_controller.rb:14:in `each'
app/controllers/search_controller.rb:14:in `find_all_reviews'
app/views/search/index.html.erb:2:in `_app_views_search_index_html_erb___4343766215313193718_70179815014440'
Started GET "/" for 127.0.0.1 at 2018-10-29 15:27:23 +0300
Processing by SearchController#index as HTML
  Rendering search/index.html.erb within layouts/application
  Rendered search/index.html.erb within layouts/application (649.4ms)
Completed 200 OK in 698ms (Views: 693.6ms | ActiveRecord: 0.0ms)


Started GET "/" for 127.0.0.1 at 2018-10-29 15:28:14 +0300
Processing by SearchController#index as HTML
  Rendering search/index.html.erb within layouts/application
  Rendered search/index.html.erb within layouts/application (668.7ms)
Completed 500 Internal Server Error in 687ms (ActiveRecord: 0.0ms)


  
ActionView::Template::Error (undefined method `text' for #<Array:0x00007fa80894a6f8>):
    1: <p>Hello</p>
    2: <%= SearchController.new.find_all_reviews %>
  
app/controllers/search_controller.rb:13:in `find_all_reviews'
app/views/search/index.html.erb:2:in `_app_views_search_index_html_erb___4343766215313193718_70179870661320'
Started GET "/" for 127.0.0.1 at 2018-10-29 15:28:26 +0300
Processing by SearchController#index as HTML
  Rendering search/index.html.erb within layouts/application
  Rendered search/index.html.erb within layouts/application (556.4ms)
Completed 200 OK in 616ms (Views: 612.4ms | ActiveRecord: 0.0ms)


Started GET "/" for 127.0.0.1 at 2018-10-29 15:29:36 +0300
Processing by SearchController#index as HTML
  Rendering search/index.html.erb within layouts/application
  Rendered search/index.html.erb within layouts/application (479.4ms)
Completed 500 Internal Server Error in 495ms (ActiveRecord: 0.0ms)


  
ActionView::Template::Error (undefined method `split' for #<Mechanize::Page::Link:0x00007fa80b0eb6d0>):
    1: <p>Hello</p>
    2: <%= SearchController.new.find_all_reviews %>
  
app/controllers/search_controller.rb:15:in `block in find_all_reviews'
app/controllers/search_controller.rb:14:in `each'
app/controllers/search_controller.rb:14:in `find_all_reviews'
app/views/search/index.html.erb:2:in `_app_views_search_index_html_erb___4343766215313193718_70179860539120'
Started GET "/" for 127.0.0.1 at 2018-10-29 15:29:47 +0300
Processing by SearchController#index as HTML
  Rendering search/index.html.erb within layouts/application
  Rendered search/index.html.erb within layouts/application (477.9ms)
Completed 500 Internal Server Error in 490ms (ActiveRecord: 0.0ms)


  
ActionView::Template::Error (undefined method `to_a' for #<Mechanize::Page::Link:0x00007fa80a52c088>
Did you mean?  to_s):
    1: <p>Hello</p>
    2: <%= SearchController.new.find_all_reviews %>
  
app/controllers/search_controller.rb:15:in `block in find_all_reviews'
app/controllers/search_controller.rb:14:in `each'
app/controllers/search_controller.rb:14:in `find_all_reviews'
app/views/search/index.html.erb:2:in `_app_views_search_index_html_erb___4343766215313193718_70179852547060'
Started GET "/" for 127.0.0.1 at 2018-10-29 15:30:03 +0300
Processing by SearchController#index as HTML
  Rendering search/index.html.erb within layouts/application
  Rendered search/index.html.erb within layouts/application (2450.0ms)
Completed 200 OK in 2494ms (Views: 2490.8ms | ActiveRecord: 0.0ms)


Started GET "/" for 127.0.0.1 at 2018-10-29 15:33:56 +0300
Processing by SearchController#index as HTML
  Rendering search/index.html.erb within layouts/application
  Rendered search/index.html.erb within layouts/application (674.6ms)
Completed 200 OK in 977ms (Views: 967.6ms | ActiveRecord: 0.0ms)


Started GET "/" for 127.0.0.1 at 2018-10-29 16:28:31 +0300
Processing by SearchController#index as HTML
  Rendering search/index.html.erb within layouts/application
  Rendered search/index.html.erb within layouts/application (616.7ms)
Completed 200 OK in 695ms (Views: 681.4ms | ActiveRecord: 0.0ms)


Started GET "/" for 127.0.0.1 at 2018-10-29 16:34:50 +0300
  
SyntaxError (/Users/MrBlazOn/Desktop/git/ChipSearch/app/controllers/search_controller.rb:13: syntax error, unexpected '|', expecting ')'
    page.css('h3').each(|title| title.text)
                        ^
/Users/MrBlazOn/Desktop/git/ChipSearch/app/controllers/search_controller.rb:13: syntax error, unexpected ')', expecting keyword_end
...('h3').each(|title| title.text)
...                              ^):
  
app/controllers/search_controller.rb:13: syntax error, unexpected '|', expecting ')'
app/controllers/search_controller.rb:13: syntax error, unexpected ')', expecting keyword_end
Started GET "/" for 127.0.0.1 at 2018-10-29 16:35:13 +0300
Processing by SearchController#index as HTML
  Rendering search/index.html.erb within layouts/application
  Rendered search/index.html.erb within layouts/application (462.3ms)
Completed 200 OK in 516ms (Views: 510.2ms | ActiveRecord: 0.0ms)


Started GET "/" for 127.0.0.1 at 2018-10-29 16:35:42 +0300
Processing by SearchController#index as HTML
  Rendering search/index.html.erb within layouts/application
  Rendered search/index.html.erb within layouts/application (326.1ms)
Completed 200 OK in 378ms (Views: 373.6ms | ActiveRecord: 0.0ms)


Started GET "/" for 127.0.0.1 at 2018-10-29 16:35:44 +0300
Processing by SearchController#index as HTML
  Rendering search/index.html.erb within layouts/application
  Rendered search/index.html.erb within layouts/application (574.1ms)
Completed 200 OK in 605ms (Views: 601.1ms | ActiveRecord: 0.0ms)


Started GET "/" for 127.0.0.1 at 2018-10-29 16:36:03 +0300
Processing by SearchController#index as HTML
  Rendering search/index.html.erb within layouts/application
  Rendered search/index.html.erb within layouts/application (497.0ms)
Completed 200 OK in 531ms (Views: 528.2ms | ActiveRecord: 0.0ms)


Started GET "/" for 127.0.0.1 at 2018-10-29 16:36:26 +0300
Processing by SearchController#index as HTML
  Rendering search/index.html.erb within layouts/application
  Rendered search/index.html.erb within layouts/application (518.6ms)
Completed 200 OK in 573ms (Views: 569.9ms | ActiveRecord: 0.0ms)


Started GET "/" for 127.0.0.1 at 2018-10-29 16:36:44 +0300
Processing by SearchController#index as HTML
  Rendering search/index.html.erb within layouts/application
  Rendered search/index.html.erb within layouts/application (528.6ms)
Completed 200 OK in 565ms (Views: 561.9ms | ActiveRecord: 0.0ms)


Started GET "/" for 127.0.0.1 at 2018-10-29 16:36:48 +0300
Processing by SearchController#index as HTML
  Rendering search/index.html.erb within layouts/application
  Rendered search/index.html.erb within layouts/application (387.0ms)
Completed 200 OK in 424ms (Views: 421.0ms | ActiveRecord: 0.0ms)


Started GET "/" for 127.0.0.1 at 2018-10-29 16:36:53 +0300
Processing by SearchController#index as HTML
  Rendering search/index.html.erb within layouts/application
  Rendered search/index.html.erb within layouts/application (391.1ms)
Completed 200 OK in 425ms (Views: 421.5ms | ActiveRecord: 0.0ms)


Started GET "/" for 127.0.0.1 at 2018-10-29 16:37:21 +0300
Processing by SearchController#index as HTML
  Rendering search/index.html.erb within layouts/application
  Rendered search/index.html.erb within layouts/application (537.4ms)
Completed 200 OK in 616ms (Views: 601.3ms | ActiveRecord: 0.0ms)


Started GET "/" for 127.0.0.1 at 2018-10-29 16:39:36 +0300
Processing by SearchController#index as HTML
  Rendering search/index.html.erb within layouts/application
  Rendered search/index.html.erb within layouts/application (529.1ms)
Completed 200 OK in 586ms (Views: 582.3ms | ActiveRecord: 0.0ms)


Started GET "/" for 127.0.0.1 at 2018-10-29 16:44:43 +0300
Processing by SearchController#index as HTML
  Rendering search/index.html.erb within layouts/application
  Rendered search/index.html.erb within layouts/application (555.9ms)
Completed 200 OK in 650ms (Views: 643.6ms | ActiveRecord: 0.0ms)


Started GET "/" for 127.0.0.1 at 2018-10-29 16:47:44 +0300
Processing by SearchController#index as HTML
  Rendering search/index.html.erb within layouts/application
  Rendered search/index.html.erb within layouts/application (861.3ms)
Completed 200 OK in 938ms (Views: 931.9ms | ActiveRecord: 0.0ms)


Started GET "/" for 127.0.0.1 at 2018-10-29 16:48:57 +0300
Processing by SearchController#index as HTML
  Rendering search/index.html.erb within layouts/application
  Rendered search/index.html.erb within layouts/application (369.9ms)
Completed 200 OK in 441ms (Views: 437.8ms | ActiveRecord: 0.0ms)


Started GET "/" for 127.0.0.1 at 2018-10-29 16:49:36 +0300
Processing by SearchController#index as HTML
  Rendering search/index.html.erb within layouts/application
  Rendered search/index.html.erb within layouts/application (499.1ms)
Completed 200 OK in 536ms (Views: 531.9ms | ActiveRecord: 0.0ms)


Started GET "/" for 127.0.0.1 at 2018-10-29 16:50:00 +0300
  
SyntaxError (/Users/MrBlazOn/Desktop/git/ChipSearch/app/controllers/search_controller.rb:13: syntax error, unexpected '\n', expecting &. or :: or '[' or '.'
    puts class page.css('h3')
                             ^
/Users/MrBlazOn/Desktop/git/ChipSearch/app/controllers/search_controller.rb:14: syntax error, unexpected keyword_do_block, expecting keyword_end
    page.css('h3').each do |link|
                        ^~
/Users/MrBlazOn/Desktop/git/ChipSearch/app/controllers/search_controller.rb:15: syntax error, unexpected tSTRING_BEG, expecting keyword_do or '{' or '('
      puts "#{link.text}"
           ^
/Users/MrBlazOn/Desktop/git/ChipSearch/app/controllers/search_controller.rb:18: syntax error, unexpected keyword_end, expecting end-of-input):
  
app/controllers/search_controller.rb:13: syntax error, unexpected '\n', expecting &. or :: or '[' or '.'
app/controllers/search_controller.rb:14: syntax error, unexpected keyword_do_block, expecting keyword_end
app/controllers/search_controller.rb:15: syntax error, unexpected tSTRING_BEG, expecting keyword_do or '{' or '('
app/controllers/search_controller.rb:18: syntax error, unexpected keyword_end, expecting end-of-input
Started GET "/" for 127.0.0.1 at 2018-10-29 16:50:32 +0300
Processing by SearchController#index as HTML
  Rendering search/index.html.erb within layouts/application
  Rendered search/index.html.erb within layouts/application (513.6ms)
Completed 500 Internal Server Error in 533ms (ActiveRecord: 0.0ms)


  
ActionView::Template::Error (undefined local variable or method `object' for #<SearchController:0x00007ff9df5edfe0>
Did you mean?  object_id):
    1: <p>Hello</p>
    2: <%= SearchController.new.find_all_reviews %>
  
app/controllers/search_controller.rb:13:in `find_all_reviews'
app/views/search/index.html.erb:2:in `_app_views_search_index_html_erb___995963442823056507_70355576811860'
Started GET "/" for 127.0.0.1 at 2018-10-29 16:50:57 +0300
Processing by SearchController#index as HTML
  Rendering search/index.html.erb within layouts/application
  Rendered search/index.html.erb within layouts/application (515.0ms)
Completed 200 OK in 562ms (Views: 558.1ms | ActiveRecord: 0.0ms)


Started GET "/" for 127.0.0.1 at 2018-10-29 16:51:25 +0300
Processing by SearchController#index as HTML
  Rendering search/index.html.erb within layouts/application
  Rendered search/index.html.erb within layouts/application (398.7ms)
Completed 200 OK in 433ms (Views: 430.4ms | ActiveRecord: 0.0ms)


Started GET "/" for 127.0.0.1 at 2018-10-29 16:52:49 +0300
Processing by SearchController#index as HTML
  Rendering search/index.html.erb within layouts/application
  Rendered search/index.html.erb within layouts/application (628.8ms)
Completed 200 OK in 664ms (Views: 660.0ms | ActiveRecord: 0.0ms)


Started GET "/" for 127.0.0.1 at 2018-10-29 16:53:05 +0300
Processing by SearchController#index as HTML
  Rendering search/index.html.erb within layouts/application
  Rendered search/index.html.erb within layouts/application (459.7ms)
Completed 200 OK in 497ms (Views: 493.1ms | ActiveRecord: 0.0ms)


Started GET "/" for 127.0.0.1 at 2018-10-29 16:53:16 +0300
Processing by SearchController#index as HTML
  Rendering search/index.html.erb within layouts/application
  Rendered search/index.html.erb within layouts/application (509.1ms)
Completed 200 OK in 583ms (Views: 577.7ms | ActiveRecord: 0.0ms)


Started GET "/" for 127.0.0.1 at 2018-10-29 16:55:17 +0300
Processing by SearchController#index as HTML
  Rendering search/index.html.erb within layouts/application
  Rendered search/index.html.erb within layouts/application (523.6ms)
Completed 500 Internal Server Error in 551ms (ActiveRecord: 0.0ms)


  
ActionView::Template::Error (undefined method `strip_tags' for #<Nokogiri::XML::Element:0x00007ff9de42ac40>):
    1: <p>Hello</p>
    2: <% SearchController.new.find_all_reviews.each do |link| %>
    3:   <hr><%= link.strip_tags %>
    4: <% end %>
  
app/views/search/index.html.erb:3:in `block in _app_views_search_index_html_erb___995963442823056507_70355538014420'
app/views/search/index.html.erb:2:in `_app_views_search_index_html_erb___995963442823056507_70355538014420'
Started GET "/" for 127.0.0.1 at 2018-10-29 17:13:13 +0300
Processing by SearchController#index as HTML
  Rendering search/index.html.erb within layouts/application
  Rendered search/index.html.erb within layouts/application (2334.8ms)
Completed 200 OK in 2405ms (Views: 2390.5ms | ActiveRecord: 0.0ms)


Started GET "/" for 127.0.0.1 at 2018-10-29 17:14:24 +0300
Processing by SearchController#index as HTML
  Rendering search/index.html.erb within layouts/application
  Rendered search/index.html.erb within layouts/application (460.6ms)
Completed 200 OK in 533ms (Views: 520.6ms | ActiveRecord: 0.0ms)


Started GET "/" for 127.0.0.1 at 2018-10-29 17:15:30 +0300
Processing by SearchController#index as HTML
  Rendering search/index.html.erb within layouts/application
  Rendered search/index.html.erb within layouts/application (609.5ms)
Completed 500 Internal Server Error in 624ms (ActiveRecord: 0.0ms)


  
ActionView::Template::Error (undefined local variable or method `text' for #<SearchController:0x00007ff9df44bd90>
Did you mean?  test):
    1: <p>Hello</p>
    2: <% SearchController.new.find_all_reviews.each do |link| %>
    3:   <hr><%= link.to_s %>
    4: <% end %>
  
app/controllers/search_controller.rb:12:in `find_all_reviews'
app/views/search/index.html.erb:2:in `_app_views_search_index_html_erb___995963442823056507_70355584733200'
Started GET "/" for 127.0.0.1 at 2018-10-29 17:17:59 +0300
Processing by SearchController#index as HTML
  Rendering search/index.html.erb within layouts/application
  Rendered search/index.html.erb within layouts/application (402.8ms)
Completed 500 Internal Server Error in 426ms (ActiveRecord: 0.0ms)


  
ActionView::Template::Error (undefined local variable or method `text' for #<SearchController:0x00007f81323d6a98>
Did you mean?  test):
    1: <p>Hello</p>
    2: <% SearchController.new.find_all_reviews.each do |link| %>
    3:   <hr><%= link.to_s %>
    4: <% end %>
  
app/controllers/search_controller.rb:12:in `find_all_reviews'
app/views/search/index.html.erb:2:in `_app_views_search_index_html_erb___2545302713400892533_70096434800000'
Started GET "/" for 127.0.0.1 at 2018-10-29 17:18:21 +0300
Processing by SearchController#index as HTML
  Rendering search/index.html.erb within layouts/application
  Rendered search/index.html.erb within layouts/application (533.1ms)
Completed 500 Internal Server Error in 547ms (ActiveRecord: 0.0ms)


  
ActionView::Template::Error (undefined local variable or method `text' for #<SearchController:0x00007f81331770d0>
Did you mean?  test):
    1: <p>Hello</p>
    2: <% SearchController.new.find_all_reviews.each do |link| %>
    3:   <hr><%= link.to_s %>
    4: <% end %>
  
app/controllers/search_controller.rb:13:in `find_all_reviews'
app/views/search/index.html.erb:2:in `_app_views_search_index_html_erb___2545302713400892533_70096465044320'
Started GET "/" for 127.0.0.1 at 2018-10-29 17:18:43 +0300
Processing by SearchController#index as HTML
  Rendering search/index.html.erb within layouts/application
  Rendered search/index.html.erb within layouts/application (916.8ms)
Completed 200 OK in 1234ms (Views: 1230.6ms | ActiveRecord: 0.0ms)


Started GET "/" for 127.0.0.1 at 2018-10-29 17:19:06 +0300
Processing by SearchController#index as HTML
  Rendering search/index.html.erb within layouts/application
  Rendered search/index.html.erb within layouts/application (324.0ms)
Completed 200 OK in 364ms (Views: 360.1ms | ActiveRecord: 0.0ms)


Started GET "/" for 127.0.0.1 at 2018-10-29 17:20:05 +0300
Processing by SearchController#index as HTML
  Rendering search/index.html.erb within layouts/application
  Rendered search/index.html.erb within layouts/application (1175.4ms)
Completed 200 OK in 1223ms (Views: 1216.8ms | ActiveRecord: 0.0ms)


Started GET "/" for 127.0.0.1 at 2018-10-29 17:23:10 +0300
Processing by SearchController#index as HTML
  Rendering search/index.html.erb within layouts/application
  Rendered search/index.html.erb within layouts/application (1049.4ms)
Completed 200 OK in 1119ms (Views: 1106.9ms | ActiveRecord: 0.0ms)


Started GET "/" for 127.0.0.1 at 2018-10-29 17:24:59 +0300
Processing by SearchController#index as HTML
  Rendering search/index.html.erb within layouts/application
  Rendered search/index.html.erb within layouts/application (408.2ms)
Completed 200 OK in 472ms (Views: 463.2ms | ActiveRecord: 0.0ms)


Started GET "/" for 127.0.0.1 at 2018-10-29 17:25:16 +0300
Processing by SearchController#index as HTML
  Rendering search/index.html.erb within layouts/application
  Rendered search/index.html.erb within layouts/application (424.4ms)
Completed 200 OK in 475ms (Views: 470.5ms | ActiveRecord: 0.0ms)


Started GET "/" for 127.0.0.1 at 2018-10-29 17:26:12 +0300
Processing by SearchController#index as HTML
  Rendering search/index.html.erb within layouts/application
  Rendered search/index.html.erb within layouts/application (616.5ms)
Completed 200 OK in 688ms (Views: 680.2ms | ActiveRecord: 0.0ms)


Started GET "/" for 127.0.0.1 at 2018-10-29 17:27:49 +0300
Processing by SearchController#index as HTML
  Rendering search/index.html.erb within layouts/application
  Rendered search/index.html.erb within layouts/application (529.9ms)
Completed 200 OK in 646ms (Views: 635.5ms | ActiveRecord: 0.0ms)


Started GET "/" for 127.0.0.1 at 2018-10-29 17:32:30 +0300
Processing by SearchController#index as HTML
  Rendering search/index.html.erb within layouts/application
  Rendered search/index.html.erb within layouts/application (1107.2ms)
Completed 500 Internal Server Error in 1131ms (ActiveRecord: 0.0ms)


  
ActionView::Template::Error (undefined method `link_href' for #<#<Class:0x00007f8136492550>:0x00007f8136605590>
Did you mean?  link_to):
    1: <h1>Hello</h1>
    2: <% SearchController.new.find_all_reviews.each do |link| %>\
    3:   link_href = link.to_s[/href\s*=\s*"([^"]*)"/]
    4:   <hr><%= link_to link_href link.to_s.gsub(/<\/?[^>]*>/, "") %>
    5: <% end %>
  
app/views/search/index.html.erb:4:in `block in _app_views_search_index_html_erb___2545302713400892533_70096469897040'
app/views/search/index.html.erb:2:in `_app_views_search_index_html_erb___2545302713400892533_70096469897040'
Started GET "/" for 127.0.0.1 at 2018-10-29 17:33:55 +0300
Processing by SearchController#index as HTML
  Rendering search/index.html.erb within layouts/application
  Rendered search/index.html.erb within layouts/application (800.8ms)
Completed 500 Internal Server Error in 814ms (ActiveRecord: 0.0ms)


  
ActionView::Template::Error (undefined local variable or method `link_href' for #<#<Class:0x00007f8136492550>:0x00007f8133f0b2f0>
Did you mean?  link_to):
    1: <h1>Hello</h1>
    2: <% SearchController.new.find_all_reviews.each do |link| %>\
    3:   link_href = link.to_s[/href\s*=\s*"([^"]*)"/]
    4:   <%= link_to link_href do %>
    5:     <p>link.to_s.gsub(/<\/?[^>]*>/, "")</p>
    6:   <% end %>
    7: <% end %>
  
app/views/search/index.html.erb:4:in `block in _app_views_search_index_html_erb___2545302713400892533_70096449461740'
app/views/search/index.html.erb:2:in `_app_views_search_index_html_erb___2545302713400892533_70096449461740'
Started GET "/" for 127.0.0.1 at 2018-10-29 17:35:18 +0300
Processing by SearchController#index as HTML
  Rendering search/index.html.erb within layouts/application
  Rendered search/index.html.erb within layouts/application (3.3ms)
Completed 500 Internal Server Error in 19ms (ActiveRecord: 0.0ms)


  
SyntaxError (/Users/MrBlazOn/Desktop/git/ChipSearch/app/views/search/index.html.erb:4: syntax error, unexpected tIDENTIFIER, expecting ')'
...b(/<\/?[^>]*>/, "")}" link_href );@output_buffer.safe_append...
...                      ^~~~~~~~~):
  
app/views/search/index.html.erb:4: syntax error, unexpected tIDENTIFIER, expecting ')'
Started GET "/" for 127.0.0.1 at 2018-10-29 17:36:33 +0300
Processing by SearchController#index as HTML
  Rendering search/index.html.erb within layouts/application
  Rendered search/index.html.erb within layouts/application (922.7ms)
Completed 500 Internal Server Error in 938ms (ActiveRecord: 0.0ms)


  
ActionView::Template::Error (undefined local variable or method `link_href' for #<#<Class:0x00007f8136492550>:0x00007f8139810468>
Did you mean?  link_to):
    1: <h1>Hello</h1>
    2: <% SearchController.new.find_all_reviews.each do |link| %>\
    3:   link_href = link.to_s[/href\s*=\s*"([^"]*)"/]
    4:   <%= link_to "#{link.to_s.gsub(/<\/?[^>]*>/, "")}", link_href %>
    5: <% end %>
  
app/views/search/index.html.erb:4:in `block in _app_views_search_index_html_erb___2545302713400892533_70096496133800'
app/views/search/index.html.erb:2:in `_app_views_search_index_html_erb___2545302713400892533_70096496133800'
Started GET "/" for 127.0.0.1 at 2018-10-29 17:36:51 +0300
Processing by SearchController#index as HTML
  Rendering search/index.html.erb within layouts/application
  Rendered search/index.html.erb within layouts/application (329.5ms)
Completed 200 OK in 380ms (Views: 376.3ms | ActiveRecord: 0.0ms)


Started GET "/" for 127.0.0.1 at 2018-10-29 17:37:09 +0300
Processing by SearchController#index as HTML
  Rendering search/index.html.erb within layouts/application
  Rendered search/index.html.erb within layouts/application (397.6ms)
Completed 200 OK in 449ms (Views: 443.7ms | ActiveRecord: 0.0ms)


Started GET "/" for 127.0.0.1 at 2018-10-29 17:37:34 +0300
Processing by SearchController#index as HTML
  Rendering search/index.html.erb within layouts/application
  Rendered search/index.html.erb within layouts/application (401.3ms)
Completed 200 OK in 441ms (Views: 436.3ms | ActiveRecord: 0.0ms)


Started GET "/href=%22product/?selected_product=35109%22" for 127.0.0.1 at 2018-10-29 17:37:38 +0300
  
ActionController::RoutingError (No route matches [GET] "/href=%22product"):
  
actionpack (5.2.1) lib/action_dispatch/middleware/debug_exceptions.rb:65:in `call'
web-console (3.7.0) lib/web_console/middleware.rb:135:in `call_app'
web-console (3.7.0) lib/web_console/middleware.rb:30:in `block in call'
web-console (3.7.0) lib/web_console/middleware.rb:20:in `catch'
web-console (3.7.0) lib/web_console/middleware.rb:20:in `call'
actionpack (5.2.1) lib/action_dispatch/middleware/show_exceptions.rb:33:in `call'
railties (5.2.1) lib/rails/rack/logger.rb:38:in `call_app'
railties (5.2.1) lib/rails/rack/logger.rb:26:in `block in call'
activesupport (5.2.1) lib/active_support/tagged_logging.rb:71:in `block in tagged'
activesupport (5.2.1) lib/active_support/tagged_logging.rb:28:in `tagged'
activesupport (5.2.1) lib/active_support/tagged_logging.rb:71:in `tagged'
railties (5.2.1) lib/rails/rack/logger.rb:26:in `call'
sprockets-rails (3.2.1) lib/sprockets/rails/quiet_assets.rb:13:in `call'
actionpack (5.2.1) lib/action_dispatch/middleware/remote_ip.rb:81:in `call'
actionpack (5.2.1) lib/action_dispatch/middleware/request_id.rb:27:in `call'
rack (2.0.5) lib/rack/method_override.rb:22:in `call'
rack (2.0.5) lib/rack/runtime.rb:22:in `call'
activesupport (5.2.1) lib/active_support/cache/strategy/local_cache_middleware.rb:29:in `call'
actionpack (5.2.1) lib/action_dispatch/middleware/executor.rb:14:in `call'
actionpack (5.2.1) lib/action_dispatch/middleware/static.rb:127:in `call'
rack (2.0.5) lib/rack/sendfile.rb:111:in `call'
railties (5.2.1) lib/rails/engine.rb:524:in `call'
puma (3.12.0) lib/puma/configuration.rb:225:in `call'
puma (3.12.0) lib/puma/server.rb:658:in `handle_request'
puma (3.12.0) lib/puma/server.rb:472:in `process_client'
puma (3.12.0) lib/puma/server.rb:332:in `block in run'
puma (3.12.0) lib/puma/thread_pool.rb:133:in `block in spawn_thread'
Started GET "/" for 127.0.0.1 at 2018-10-29 17:37:41 +0300
Processing by SearchController#index as HTML
  Rendering search/index.html.erb within layouts/application
  Rendered search/index.html.erb within layouts/application (440.9ms)
Completed 200 OK in 487ms (Views: 482.9ms | ActiveRecord: 0.0ms)


Started GET "/" for 127.0.0.1 at 2018-10-29 17:37:59 +0300
Processing by SearchController#index as HTML
  Rendering search/index.html.erb within layouts/application
  Rendered search/index.html.erb within layouts/application (492.7ms)
Completed 200 OK in 528ms (Views: 524.7ms | ActiveRecord: 0.0ms)


Started GET "/" for 127.0.0.1 at 2018-10-29 17:38:21 +0300
Processing by SearchController#index as HTML
  Rendering search/index.html.erb within layouts/application
  Rendered search/index.html.erb within layouts/application (396.6ms)
Completed 200 OK in 441ms (Views: 437.9ms | ActiveRecord: 0.0ms)


Started GET "/" for 127.0.0.1 at 2018-10-29 19:20:37 +0300
Processing by SearchController#index as HTML
  Rendering search/index.html.erb within layouts/application
  Rendered search/index.html.erb within layouts/application (1104.1ms)
Completed 200 OK in 1249ms (Views: 1231.6ms | ActiveRecord: 0.0ms)


Started GET "/href=%22product/?selected_product=14336%22" for 127.0.0.1 at 2018-10-29 19:21:30 +0300
  
ActionController::RoutingError (No route matches [GET] "/href=%22product"):
  
actionpack (5.2.1) lib/action_dispatch/middleware/debug_exceptions.rb:65:in `call'
web-console (3.7.0) lib/web_console/middleware.rb:135:in `call_app'
web-console (3.7.0) lib/web_console/middleware.rb:30:in `block in call'
web-console (3.7.0) lib/web_console/middleware.rb:20:in `catch'
web-console (3.7.0) lib/web_console/middleware.rb:20:in `call'
actionpack (5.2.1) lib/action_dispatch/middleware/show_exceptions.rb:33:in `call'
railties (5.2.1) lib/rails/rack/logger.rb:38:in `call_app'
railties (5.2.1) lib/rails/rack/logger.rb:26:in `block in call'
activesupport (5.2.1) lib/active_support/tagged_logging.rb:71:in `block in tagged'
activesupport (5.2.1) lib/active_support/tagged_logging.rb:28:in `tagged'
activesupport (5.2.1) lib/active_support/tagged_logging.rb:71:in `tagged'
railties (5.2.1) lib/rails/rack/logger.rb:26:in `call'
sprockets-rails (3.2.1) lib/sprockets/rails/quiet_assets.rb:13:in `call'
actionpack (5.2.1) lib/action_dispatch/middleware/remote_ip.rb:81:in `call'
actionpack (5.2.1) lib/action_dispatch/middleware/request_id.rb:27:in `call'
rack (2.0.5) lib/rack/method_override.rb:22:in `call'
rack (2.0.5) lib/rack/runtime.rb:22:in `call'
activesupport (5.2.1) lib/active_support/cache/strategy/local_cache_middleware.rb:29:in `call'
actionpack (5.2.1) lib/action_dispatch/middleware/executor.rb:14:in `call'
actionpack (5.2.1) lib/action_dispatch/middleware/static.rb:127:in `call'
rack (2.0.5) lib/rack/sendfile.rb:111:in `call'
railties (5.2.1) lib/rails/engine.rb:524:in `call'
puma (3.12.0) lib/puma/configuration.rb:225:in `call'
puma (3.12.0) lib/puma/server.rb:658:in `handle_request'
puma (3.12.0) lib/puma/server.rb:472:in `process_client'
puma (3.12.0) lib/puma/server.rb:332:in `block in run'
puma (3.12.0) lib/puma/thread_pool.rb:133:in `block in spawn_thread'
